<?xml version="1.0" encoding="UTF-8"?>
<!-- Generated by org.testng.reporters.JUnitReportReporter -->
<testsuite hostname="HellMasters-Pro-PC" failures="0" tests="1" name="com.automation.week1.MortgageCalculator" time="20.215" errors="0" timestamp="2023-10-31T11:07:37 EDT" skipped="0">
  <testcase classname="com.automation.week1.MortgageCalculator" name="buyAHouseTest" time="20.215"/>
  <system-out/>
</testsuite> <!-- com.automation.week1.MortgageCalculator -->
