<?xml version="1.0" encoding="UTF-8"?>
<!-- Generated by org.testng.reporters.JUnitReportReporter -->
<testsuite hostname="HellMasters-Pro-PC" failures="0" tests="12" name="com.automation.homework.SeleniumHomework" time="11.408" errors="0" timestamp="2023-11-23T22:34:01 EST" skipped="11">
  <testcase classname="com.automation.homework.SeleniumHomework" name="testSlider" time="11.408"/>
  <system-out/>
  <testcase classname="com.automation.homework.SeleniumHomework" name="dialog">
    <skipped/>
  </testcase> <!-- dialog -->
  <system-out/>
  <testcase classname="com.automation.homework.SeleniumHomework" name="accordion">
    <skipped/>
  </testcase> <!-- accordion -->
  <system-out/>
  <testcase classname="com.automation.homework.SeleniumHomework" name="checkboxRadio">
    <skipped/>
  </testcase> <!-- checkboxRadio -->
  <system-out/>
  <testcase classname="com.automation.homework.SeleniumHomework" name="autocomplete">
    <skipped/>
  </testcase> <!-- autocomplete -->
  <system-out/>
  <testcase classname="com.automation.homework.SeleniumHomework" name="dragAndDrop1">
    <skipped/>
  </testcase> <!-- dragAndDrop1 -->
  <system-out/>
  <testcase classname="com.automation.homework.SeleniumHomework" name="draggable">
    <skipped/>
  </testcase> <!-- draggable -->
  <system-out/>
  <testcase classname="com.automation.homework.SeleniumHomework" name="button">
    <skipped/>
  </testcase> <!-- button -->
  <system-out/>
  <testcase classname="com.automation.homework.SeleniumHomework" name="dragAndDrop2">
    <skipped/>
  </testcase> <!-- dragAndDrop2 -->
  <system-out/>
  <testcase classname="com.automation.homework.SeleniumHomework" name="controlGroup">
    <skipped/>
  </testcase> <!-- controlGroup -->
  <system-out/>
  <testcase classname="com.automation.homework.SeleniumHomework" name="resizable">
    <skipped/>
  </testcase> <!-- resizable -->
  <system-out/>
  <testcase classname="com.automation.homework.SeleniumHomework" name="datePicker">
    <skipped/>
  </testcase> <!-- datePicker -->
  <system-out/>
</testsuite> <!-- com.automation.homework.SeleniumHomework -->
