<?xml version="1.0" encoding="UTF-8"?>
<!-- Generated by org.testng.reporters.JUnitReportReporter -->
<testsuite hostname="HellMasters-Pro-PC" failures="0" tests="4" name="com.automation.week3.SeleniumMethodsTest" time="20.601" errors="0" timestamp="2023-11-14T12:35:13 EST" skipped="3">
  <testcase classname="com.automation.week3.SeleniumMethodsTest" name="findLinksHomeWork" time="20.601"/>
  <system-out/>
  <testcase classname="com.automation.week3.SeleniumMethodsTest" name="seleniumTests">
    <skipped/>
  </testcase> <!-- seleniumTests -->
  <system-out/>
  <testcase classname="com.automation.week3.SeleniumMethodsTest" name="findAllLinksTest">
    <skipped/>
  </testcase> <!-- findAllLinksTest -->
  <system-out/>
  <testcase classname="com.automation.week3.SeleniumMethodsTest" name="checkboxTesting">
    <skipped/>
  </testcase> <!-- checkboxTesting -->
  <system-out/>
</testsuite> <!-- com.automation.week3.SeleniumMethodsTest -->
