<?xml version="1.0" encoding="UTF-8"?>
<!-- Generated by org.testng.reporters.JUnitReportReporter -->
<testsuite hostname="HellMasters-Pro-PC" failures="0" tests="2" name="com.automation.week4.SeleniumAdvanceMethodsTest" time="19.148" errors="0" timestamp="2023-11-11T14:11:17 EST" skipped="1">
  <testcase classname="com.automation.week4.SeleniumAdvanceMethodsTest" name="learnHoverOver" time="19.148"/>
  <system-out/>
  <testcase classname="com.automation.week4.SeleniumAdvanceMethodsTest" name="radioButtonTest">
    <skipped/>
  </testcase> <!-- radioButtonTest -->
  <system-out/>
</testsuite> <!-- com.automation.week4.SeleniumAdvanceMethodsTest -->
