<?xml version="1.0" encoding="UTF-8"?>
<!-- Generated by org.testng.reporters.JUnitReportReporter -->
<testsuite hostname="HellMasters-Pro-PC" failures="0" tests="7" name="com.automation.homework.JQueryInteractions" time="18.816" errors="0" timestamp="2023-11-24T17:54:26 EST" skipped="6">
  <testcase classname="com.automation.homework.JQueryInteractions" name="interactions" time="18.816"/>
  <system-out/>
  <testcase classname="com.automation.homework.JQueryInteractions" name="droppable">
    <skipped/>
  </testcase> <!-- droppable -->
  <system-out/>
  <testcase classname="com.automation.homework.JQueryInteractions" name="selectable">
    <skipped/>
  </testcase> <!-- selectable -->
  <system-out/>
  <testcase classname="com.automation.homework.JQueryInteractions" name="droppable2">
    <skipped/>
  </testcase> <!-- droppable2 -->
  <system-out/>
  <testcase classname="com.automation.homework.JQueryInteractions" name="draggable">
    <skipped/>
  </testcase> <!-- draggable -->
  <system-out/>
  <testcase classname="com.automation.homework.JQueryInteractions" name="sortable">
    <skipped/>
  </testcase> <!-- sortable -->
  <system-out/>
  <testcase classname="com.automation.homework.JQueryInteractions" name="resizable">
    <skipped/>
  </testcase> <!-- resizable -->
  <system-out/>
</testsuite> <!-- com.automation.homework.JQueryInteractions -->
