<?xml version="1.0" encoding="UTF-8"?>
<!-- Generated by org.testng.reporters.JUnitReportReporter -->
<testsuite hostname="HellMasters-Pro-PC" failures="0" tests="1" name="com.automation.week1.Practice1MortgageCal" time="21.708" errors="0" timestamp="2023-11-11T09:04:47 EST" skipped="0">
  <testcase classname="com.automation.week1.Practice1MortgageCal" name="buyYourHouse" time="21.708"/>
  <system-out/>
</testsuite> <!-- com.automation.week1.Practice1MortgageCal -->
