<?xml version="1.0" encoding="UTF-8"?>
<!-- Generated by org.testng.reporters.JUnitReportReporter -->
<testsuite hostname="HellMasters-Pro-PC" failures="0" tests="7" name="com.automation.homework.JQuery" time="21.221" errors="0" timestamp="2023-11-23T16:04:12 EST" skipped="6">
  <testcase classname="com.automation.homework.JQuery" name="interactions" time="21.221"/>
  <system-out/>
  <testcase classname="com.automation.homework.JQuery" name="droppable">
    <skipped/>
  </testcase> <!-- droppable -->
  <system-out/>
  <testcase classname="com.automation.homework.JQuery" name="resizable">
    <skipped/>
  </testcase> <!-- resizable -->
  <system-out/>
  <testcase classname="com.automation.homework.JQuery" name="droppable2">
    <skipped/>
  </testcase> <!-- droppable2 -->
  <system-out/>
  <testcase classname="com.automation.homework.JQuery" name="sortable">
    <skipped/>
  </testcase> <!-- sortable -->
  <system-out/>
  <testcase classname="com.automation.homework.JQuery" name="selectable">
    <skipped/>
  </testcase> <!-- selectable -->
  <system-out/>
  <testcase classname="com.automation.homework.JQuery" name="draggable">
    <skipped/>
  </testcase> <!-- draggable -->
  <system-out/>
</testsuite> <!-- com.automation.homework.JQuery -->
