<?xml version="1.0" encoding="UTF-8"?>
<!-- Generated by org.testng.reporters.JUnitReportReporter -->
<testsuite hostname="HellMasters-Pro-PC" failures="0" tests="2" name="com.automation.week3.HomeWorkWeek3" time="15.907" errors="0" timestamp="2023-11-14T12:33:05 EST" skipped="1">
  <testcase classname="com.automation.week3.HomeWorkWeek3" name="findAllLinks" time="15.907"/>
  <system-out/>
  <testcase classname="com.automation.week3.HomeWorkWeek3" name="countAllLink">
    <skipped/>
  </testcase> <!-- countAllLink -->
  <system-out/>
</testsuite> <!-- com.automation.week3.HomeWorkWeek3 -->
