<?xml version="1.0" encoding="UTF-8"?>
<!-- Generated by org.testng.reporters.JUnitReportReporter -->
<testsuite hostname="HellMasters-Pro-PC" failures="0" tests="14" name="com.automation.homework.JQueryWedgets" time="14.362" errors="0" timestamp="2023-12-27T17:59:53 EST" skipped="13">
  <testcase classname="com.automation.homework.JQueryWedgets" name="spinner" time="14.362"/>
  <system-out/>
  <testcase classname="com.automation.homework.JQueryWedgets" name="selectMenu">
    <skipped/>
  </testcase> <!-- selectMenu -->
  <system-out/>
  <testcase classname="com.automation.homework.JQueryWedgets" name="checkboxRadio">
    <skipped/>
  </testcase> <!-- checkboxRadio -->
  <system-out/>
  <testcase classname="com.automation.homework.JQueryWedgets" name="autoComplete">
    <skipped/>
  </testcase> <!-- autoComplete -->
  <system-out/>
  <testcase classname="com.automation.homework.JQueryWedgets" name="toolTips">
    <skipped/>
  </testcase> <!-- toolTips -->
  <system-out/>
  <testcase classname="com.automation.homework.JQueryWedgets" name="testSlider">
    <skipped/>
  </testcase> <!-- testSlider -->
  <system-out/>
  <testcase classname="com.automation.homework.JQueryWedgets" name="progressBar">
    <skipped/>
  </testcase> <!-- progressBar -->
  <system-out/>
  <testcase classname="com.automation.homework.JQueryWedgets" name="controlGroup">
    <skipped/>
  </testcase> <!-- controlGroup -->
  <system-out/>
  <testcase classname="com.automation.homework.JQueryWedgets" name="tabs">
    <skipped/>
  </testcase> <!-- tabs -->
  <system-out/>
  <testcase classname="com.automation.homework.JQueryWedgets" name="menu">
    <skipped/>
  </testcase> <!-- menu -->
  <system-out/>
  <testcase classname="com.automation.homework.JQueryWedgets" name="accordion">
    <skipped/>
  </testcase> <!-- accordion -->
  <system-out/>
  <testcase classname="com.automation.homework.JQueryWedgets" name="button">
    <skipped/>
  </testcase> <!-- button -->
  <system-out/>
  <testcase classname="com.automation.homework.JQueryWedgets" name="datePicker">
    <skipped/>
  </testcase> <!-- datePicker -->
  <system-out/>
  <testcase classname="com.automation.homework.JQueryWedgets" name="dialog">
    <skipped/>
  </testcase> <!-- dialog -->
  <system-out/>
</testsuite> <!-- com.automation.homework.JQueryWedgets -->
